<?xml version="1.0" encoding="UTF-8"?>
<!-- Generated by org.testng.reporters.JUnitReportReporter -->
<testsuite hostname="SLRS" failures="0" tests="3" name="Generic.Baseclass" time="0.010" errors="0" timestamp="2022-11-10T15:15:28 IST" skipped="0">
  <testcase classname="Generic.Baseclass" name="test7" time="0.002"/>
  <system-out/>
  <testcase classname="Generic.Baseclass" name="test" time="0.005"/>
  <system-out/>
  <testcase classname="Generic.Baseclass" name="test8" time="0.003"/>
  <system-out/>
</testsuite> <!-- Generic.Baseclass -->
