<?xml version="1.0" encoding="UTF-8"?>
<!-- Generated by org.testng.reporters.JUnitReportReporter -->
<testsuite hostname="SLRS" failures="0" tests="1" name="Test.Testclass" time="0.022" errors="0" timestamp="2022-11-02T22:09:56 IST" skipped="0">
  <testcase classname="Test.Testclass" name="test" time="0.022"/>
  <system-out/>
</testsuite> <!-- Test.Testclass -->
